<?xml version="1.0" encoding="UTF-8"?>
<!-- Generated by org.testng.reporters.JUnitReportReporter -->
<testsuite hostname="max" name="hotels24.ua.Content" tests="1" failures="0" timestamp="4 Mar 2015 03:42:03 GMT" time="11.945" errors="0">
  <testcase name="testContent" time="11.945" classname="hotels24.ua.Content"/>
</testsuite> <!-- hotels24.ua.Content -->
